11:8:29 GET /ue4/class/1 Mozilla/5.0 (Windows NT 10.0; Win64; x64) AppleWebKit/537.36 (KHTML, like Gecko) Chrome/64.0.3282.186 Safari/537.36
11:10:31 GET /ue4/class/1 Mozilla/5.0 (Windows NT 10.0; Win64; x64) AppleWebKit/537.36 (KHTML, like Gecko) Chrome/64.0.3282.186 Safari/537.36
11:11:42 POST /ue4/class/Zombie_Invisibility_ActiveAbility game=ExcluzionZoneProto, engine=UE4, version=4.16.3-3561208+++UE4+Release-4.16, platform=Windows, osver=6.2.9200.1.256
11:11:42 POST /ue4/class/Zombie_HuntingCry game=ExcluzionZoneProto, engine=UE4, version=4.16.3-3561208+++UE4+Release-4.16, platform=Windows, osver=6.2.9200.1.256
11:11:42 POST /ue4/class/Zombie_Invisibility_ActiveAbility game=ExcluzionZoneProto, engine=UE4, version=4.16.3-3561208+++UE4+Release-4.16, platform=Windows, osver=6.2.9200.1.256
11:11:42 POST /ue4/class/Zombie_HuntingCry game=ExcluzionZoneProto, engine=UE4, version=4.16.3-3561208+++UE4+Release-4.16, platform=Windows, osver=6.2.9200.1.256
11:13:5 POST /ue4/class/Zombie_HuntingCry game=ExcluzionZoneProto, engine=UE4, version=4.16.3-3561208+++UE4+Release-4.16, platform=Windows, osver=6.2.9200.1.256
11:13:5 POST /ue4/class/Zombie_Invisibility_ActiveAbility game=ExcluzionZoneProto, engine=UE4, version=4.16.3-3561208+++UE4+Release-4.16, platform=Windows, osver=6.2.9200.1.256
11:13:5 POST /ue4/class/Zombie_Invisibility_ActiveAbility game=ExcluzionZoneProto, engine=UE4, version=4.16.3-3561208+++UE4+Release-4.16, platform=Windows, osver=6.2.9200.1.256
11:13:5 POST /ue4/class/Zombie_HuntingCry game=ExcluzionZoneProto, engine=UE4, version=4.16.3-3561208+++UE4+Release-4.16, platform=Windows, osver=6.2.9200.1.256
11:13:21 POST /ue4/class/Zombie_Invisibility_ActiveAbility game=ExcluzionZoneProto, engine=UE4, version=4.16.3-3561208+++UE4+Release-4.16, platform=Windows, osver=6.2.9200.1.256
11:13:21 POST /ue4/class/Zombie_HuntingCry game=ExcluzionZoneProto, engine=UE4, version=4.16.3-3561208+++UE4+Release-4.16, platform=Windows, osver=6.2.9200.1.256
11:13:21 POST /ue4/class/Zombie_HuntingCry game=ExcluzionZoneProto, engine=UE4, version=4.16.3-3561208+++UE4+Release-4.16, platform=Windows, osver=6.2.9200.1.256
11:13:21 POST /ue4/class/Zombie_Invisibility_ActiveAbility game=ExcluzionZoneProto, engine=UE4, version=4.16.3-3561208+++UE4+Release-4.16, platform=Windows, osver=6.2.9200.1.256
11:13:48 GET /categories/smatrphones/products/m7Note Mozilla/5.0 (Windows NT 10.0; Win64; x64) AppleWebKit/537.36 (KHTML, like Gecko) Chrome/64.0.3282.186 Safari/537.36
11:13:59 GET /categories/smatrphones/products/m7Note Mozilla/5.0 (Windows NT 10.0; Win64; x64) AppleWebKit/537.36 (KHTML, like Gecko) Chrome/64.0.3282.186 Safari/537.36
11:14:23 GET /ue4/class/1 Mozilla/5.0 (Windows NT 10.0; Win64; x64) AppleWebKit/537.36 (KHTML, like Gecko) Chrome/64.0.3282.186 Safari/537.36
11:17:21 GET /ue4/class/1 Mozilla/5.0 (Windows NT 10.0; Win64; x64) AppleWebKit/537.36 (KHTML, like Gecko) Chrome/64.0.3282.186 Safari/537.36
11:18:30 POST /ue4/class/Zombie_Invisibility_ActiveAbility game=ExcluzionZoneProto, engine=UE4, version=4.16.3-3561208+++UE4+Release-4.16, platform=Windows, osver=6.2.9200.1.256
11:18:30 POST /ue4/class/Zombie_HuntingCry game=ExcluzionZoneProto, engine=UE4, version=4.16.3-3561208+++UE4+Release-4.16, platform=Windows, osver=6.2.9200.1.256
11:18:30 POST /ue4/class/Zombie_Invisibility_ActiveAbility game=ExcluzionZoneProto, engine=UE4, version=4.16.3-3561208+++UE4+Release-4.16, platform=Windows, osver=6.2.9200.1.256
11:18:30 POST /ue4/class/Zombie_HuntingCry game=ExcluzionZoneProto, engine=UE4, version=4.16.3-3561208+++UE4+Release-4.16, platform=Windows, osver=6.2.9200.1.256
11:18:50 GET /ue4/class/ Mozilla/5.0 (Windows NT 10.0; Win64; x64) AppleWebKit/537.36 (KHTML, like Gecko) Chrome/64.0.3282.186 Safari/537.36
11:18:56 GET /ue4/class/1 Mozilla/5.0 (Windows NT 10.0; Win64; x64) AppleWebKit/537.36 (KHTML, like Gecko) Chrome/64.0.3282.186 Safari/537.36
11:19:3 GET /ue4/class/1 Mozilla/5.0 (Windows NT 10.0; Win64; x64) AppleWebKit/537.36 (KHTML, like Gecko) Chrome/64.0.3282.186 Safari/537.36
11:19:29 GET /ue4/class/Zombie_Invisibility_ActiveAbility Mozilla/5.0 (Windows NT 10.0; Win64; x64) AppleWebKit/537.36 (KHTML, like Gecko) Chrome/64.0.3282.186 Safari/537.36
11:25:9 GET /ue4/class/Zombie_Invisibility_ActiveAbility X-UnrealEngine-Agent
11:25:9 GET /ue4/class/Zombie_HuntingCry X-UnrealEngine-Agent
11:25:16 GET /ue4/class/Zombie_Invisibility_ActiveAbility X-UnrealEngine-Agent
11:25:16 GET /ue4/class/Zombie_HuntingCry X-UnrealEngine-Agent
11:38:55 POST /ue4/class/Zombie_Invisibility_ActiveAbility X-UnrealEngine-Agent
11:38:55 POST /ue4/class/Zombie_HuntingCry X-UnrealEngine-Agent
11:38:55 POST /ue4/class/Zombie_Invisibility_ActiveAbility X-UnrealEngine-Agent
11:38:55 POST /ue4/class/Zombie_HuntingCry X-UnrealEngine-Agent
11:39:54 GET /static/about.html Mozilla/5.0 (Windows NT 10.0; Win64; x64) AppleWebKit/537.36 (KHTML, like Gecko) Chrome/64.0.3282.186 Safari/537.36
11:40:0 GET /register.html Mozilla/5.0 (Windows NT 10.0; Win64; x64) AppleWebKit/537.36 (KHTML, like Gecko) Chrome/64.0.3282.186 Safari/537.36
11:40:1 POST /user Mozilla/5.0 (Windows NT 10.0; Win64; x64) AppleWebKit/537.36 (KHTML, like Gecko) Chrome/64.0.3282.186 Safari/537.36
11:41:17 GET /register.html Mozilla/5.0 (Windows NT 10.0; Win64; x64) AppleWebKit/537.36 (KHTML, like Gecko) Chrome/64.0.3282.186 Safari/537.36
11:41:26 POST /user Mozilla/5.0 (Windows NT 10.0; Win64; x64) AppleWebKit/537.36 (KHTML, like Gecko) Chrome/64.0.3282.186 Safari/537.36
11:41:33 POST /user Mozilla/5.0 (Windows NT 10.0; Win64; x64) AppleWebKit/537.36 (KHTML, like Gecko) Chrome/64.0.3282.186 Safari/537.36
11:44:8 POST /ue4/class/Zombie_Invisibility_ActiveAbility X-UnrealEngine-Agent
11:44:8 POST /ue4/class/Zombie_HuntingCry X-UnrealEngine-Agent
11:44:8 POST /ue4/class/Zombie_Invisibility_ActiveAbility X-UnrealEngine-Agent
11:44:8 POST /ue4/class/Zombie_HuntingCry X-UnrealEngine-Agent
11:45:35 POST /ue4/class/Zombie_Invisibility_ActiveAbility X-UnrealEngine-Agent
11:45:35 POST /ue4/class/Zombie_HuntingCry X-UnrealEngine-Agent
11:45:35 POST /ue4/class/Zombie_Invisibility_ActiveAbility X-UnrealEngine-Agent
11:45:35 POST /ue4/class/Zombie_HuntingCry X-UnrealEngine-Agent
11:46:8 GET /ue4/class/ Mozilla/5.0 (Windows NT 10.0; Win64; x64) AppleWebKit/537.36 (KHTML, like Gecko) Chrome/64.0.3282.186 Safari/537.36
11:46:58 POST /ue4/class/Zombie_Invisibility_ActiveAbility X-UnrealEngine-Agent
11:46:58 POST /ue4/class/Zombie_HuntingCry X-UnrealEngine-Agent
11:46:58 POST /ue4/class/Zombie_Invisibility_ActiveAbility X-UnrealEngine-Agent
11:46:58 POST /ue4/class/Zombie_HuntingCry X-UnrealEngine-Agent
12:2:31 POST /ue4/class/ X-UnrealEngine-Agent
12:2:31 POST /ue4/class/ X-UnrealEngine-Agent
12:2:31 POST /ue4/class/ X-UnrealEngine-Agent
12:2:31 POST /ue4/class/ X-UnrealEngine-Agent
12:10:58 POST /ue4 X-UnrealEngine-Agent
12:11:11 POST /ue4 X-UnrealEngine-Agent
12:11:11 POST /ue4 X-UnrealEngine-Agent
12:11:11 POST /ue4 X-UnrealEngine-Agent
12:47:43 POST /ue4 X-UnrealEngine-Agent
12:48:0 POST /ue4 X-UnrealEngine-Agent
12:48:1 POST /ue4 X-UnrealEngine-Agent
12:48:14 POST /ue4 X-UnrealEngine-Agent
12:57:28 POST /ue4 X-UnrealEngine-Agent
12:57:37 POST /ue4 X-UnrealEngine-Agent
12:57:38 POST /ue4 X-UnrealEngine-Agent
12:57:39 POST /ue4 X-UnrealEngine-Agent
12:58:29 POST /ue4 X-UnrealEngine-Agent
12:58:44 POST /ue4 X-UnrealEngine-Agent
12:58:51 POST /ue4 X-UnrealEngine-Agent
12:58:51 POST /ue4 X-UnrealEngine-Agent
13:0:55 POST /ue4 X-UnrealEngine-Agent
13:0:55 POST /ue4 X-UnrealEngine-Agent
13:2:51 POST /ue4 X-UnrealEngine-Agent
13:2:51 POST /ue4 X-UnrealEngine-Agent
13:2:55 POST /ue4 X-UnrealEngine-Agent
13:2:55 POST /ue4 X-UnrealEngine-Agent
13:2:55 POST /ue4 X-UnrealEngine-Agent
13:2:55 POST /ue4 X-UnrealEngine-Agent
13:4:1 POST /ue4 X-UnrealEngine-Agent
13:4:1 POST /ue4 X-UnrealEngine-Agent
13:4:1 POST /ue4 X-UnrealEngine-Agent
13:4:1 POST /ue4 X-UnrealEngine-Agent
13:4:27 POST /ue4 X-UnrealEngine-Agent
13:4:27 POST /ue4 X-UnrealEngine-Agent
13:5:45 POST /ue4 X-UnrealEngine-Agent
13:5:45 POST /ue4 X-UnrealEngine-Agent
13:7:29 POST /ue4/stats X-UnrealEngine-Agent
13:7:29 POST /ue4/stats X-UnrealEngine-Agent
13:9:2 POST /ue4/stats X-UnrealEngine-Agent
13:9:2 POST /ue4/stats X-UnrealEngine-Agent
13:25:20 GET /products Mozilla/5.0 (Windows NT 10.0; Win64; x64) AppleWebKit/537.36 (KHTML, like Gecko) Chrome/64.0.3282.186 Safari/537.36
13:32:13 POST /ue4/stats X-UnrealEngine-Agent
